La génération a démarré 30/03/2015 12:21:11.
     1>Projet "E:\box2dsfml\libraries\Box2D\Build\Box2D\Box2D.vcxproj" sur le nœud 2 (Build cible(s)).
     1>CustomBuild:
         Building Custom Rule E:/box2dsfml/libraries/Box2D/Box2D/CMakeLists.txt
         CMake does not need to re-run because E:\box2dsfml\libraries\Box2D\Build\Box2D\CMakeFiles\generate.stamp is up-to-date.
       ClCompile:
         C:\Program Files (x86)\Microsoft Visual Studio 11.0\VC\bin\CL.exe /c /IE:\box2dsfml\libraries\Box2D\Box2D\.. /Zi /nologo /W3 /WX- /Od /Ob0 /Oy- /D WIN32 /D _WINDOWS /D _DEBUG /D "CMAKE_INTDIR=\"Debug\"" /D _MBCS /Gm- /EHsc /RTC1 /MDd /GS /fp:precise /Zc:wchar_t /Zc:forScope /GR /Fo"Box2D.dir\Debug\\" /Fd"Box2D.dir\Debug\vc110.pdb" /Gd /TP /analyze- /errorReport:prompt E:\box2dsfml\libraries\Box2D\Box2D\Dynamics\Joints\b2DistanceJoint.cpp E:\box2dsfml\libraries\Box2D\Box2D\Dynamics\Joints\b2FrictionJoint.cpp E:\box2dsfml\libraries\Box2D\Box2D\Dynamics\Joints\b2GearJoint.cpp E:\box2dsfml\libraries\Box2D\Box2D\Dynamics\Joints\b2Joint.cpp E:\box2dsfml\libraries\Box2D\Box2D\Dynamics\Joints\b2MotorJoint.cpp E:\box2dsfml\libraries\Box2D\Box2D\Dynamics\Joints\b2MouseJoint.cpp E:\box2dsfml\libraries\Box2D\Box2D\Dynamics\Joints\b2PrismaticJoint.cpp E:\box2dsfml\libraries\Box2D\Box2D\Dynamics\Joints\b2PulleyJoint.cpp E:\box2dsfml\libraries\Box2D\Box2D\Dynamics\Joints\b2RevoluteJoint.cpp E:\box2dsfml\libraries\Box2D\Box2D\Dynamics\Joints\b2RopeJoint.cpp E:\box2dsfml\libraries\Box2D\Box2D\Dynamics\Joints\b2WeldJoint.cpp E:\box2dsfml\libraries\Box2D\Box2D\Dynamics\Joints\b2WheelJoint.cpp E:\box2dsfml\libraries\Box2D\Box2D\Dynamics\Contacts\b2CircleContact.cpp E:\box2dsfml\libraries\Box2D\Box2D\Dynamics\Contacts\b2Contact.cpp E:\box2dsfml\libraries\Box2D\Box2D\Dynamics\Contacts\b2ContactSolver.cpp E:\box2dsfml\libraries\Box2D\Box2D\Dynamics\Contacts\b2PolygonAndCircleContact.cpp E:\box2dsfml\libraries\Box2D\Box2D\Dynamics\Contacts\b2EdgeAndCircleContact.cpp E:\box2dsfml\libraries\Box2D\Box2D\Dynamics\Contacts\b2EdgeAndPolygonContact.cpp E:\box2dsfml\libraries\Box2D\Box2D\Dynamics\Contacts\b2ChainAndCircleContact.cpp E:\box2dsfml\libraries\Box2D\Box2D\Dynamics\Contacts\b2ChainAndPolygonContact.cpp E:\box2dsfml\libraries\Box2D\Box2D\Dynamics\Contacts\b2PolygonContact.cpp E:\box2dsfml\libraries\Box2D\Box2D\Dynamics\b2Body.cpp E:\box2dsfml\libraries\Box2D\Box2D\Dynamics\b2ContactManager.cpp E:\box2dsfml\libraries\Box2D\Box2D\Dynamics\b2Fixture.cpp E:\box2dsfml\libraries\Box2D\Box2D\Dynamics\b2Island.cpp E:\box2dsfml\libraries\Box2D\Box2D\Dynamics\b2World.cpp E:\box2dsfml\libraries\Box2D\Box2D\Dynamics\b2WorldCallbacks.cpp E:\box2dsfml\libraries\Box2D\Box2D\Common\b2BlockAllocator.cpp E:\box2dsfml\libraries\Box2D\Box2D\Common\b2Draw.cpp E:\box2dsfml\libraries\Box2D\Box2D\Common\b2Math.cpp E:\box2dsfml\libraries\Box2D\Box2D\Common\b2Settings.cpp E:\box2dsfml\libraries\Box2D\Box2D\Common\b2StackAllocator.cpp E:\box2dsfml\libraries\Box2D\Box2D\Common\b2Timer.cpp E:\box2dsfml\libraries\Box2D\Box2D\Collision\Shapes\b2CircleShape.cpp E:\box2dsfml\libraries\Box2D\Box2D\Collision\Shapes\b2EdgeShape.cpp E:\box2dsfml\libraries\Box2D\Box2D\Collision\Shapes\b2ChainShape.cpp E:\box2dsfml\libraries\Box2D\Box2D\Collision\Shapes\b2PolygonShape.cpp E:\box2dsfml\libraries\Box2D\Box2D\Collision\b2BroadPhase.cpp E:\box2dsfml\libraries\Box2D\Box2D\Collision\b2CollideCircle.cpp E:\box2dsfml\libraries\Box2D\Box2D\Collision\b2CollideEdge.cpp E:\box2dsfml\libraries\Box2D\Box2D\Collision\b2CollidePolygon.cpp E:\box2dsfml\libraries\Box2D\Box2D\Collision\b2Collision.cpp E:\box2dsfml\libraries\Box2D\Box2D\Collision\b2Distance.cpp E:\box2dsfml\libraries\Box2D\Box2D\Collision\b2DynamicTree.cpp E:\box2dsfml\libraries\Box2D\Box2D\Collision\b2TimeOfImpact.cpp E:\box2dsfml\libraries\Box2D\Box2D\Rope\b2Rope.cpp
         b2DistanceJoint.cpp
         b2FrictionJoint.cpp
         b2GearJoint.cpp
         b2Joint.cpp
         b2MotorJoint.cpp
         b2MouseJoint.cpp
         b2PrismaticJoint.cpp
         b2PulleyJoint.cpp
         b2RevoluteJoint.cpp
         b2RopeJoint.cpp
         b2WeldJoint.cpp
         b2WheelJoint.cpp
         b2CircleContact.cpp
         b2Contact.cpp
         b2ContactSolver.cpp
         b2PolygonAndCircleContact.cpp
         b2EdgeAndCircleContact.cpp
         b2EdgeAndPolygonContact.cpp
         b2ChainAndCircleContact.cpp
         b2ChainAndPolygonContact.cpp
         Génération de code en cours...
         Compilation en cours...
         b2PolygonContact.cpp
         b2Body.cpp
         b2ContactManager.cpp
         b2Fixture.cpp
         b2Island.cpp
         b2World.cpp
         b2WorldCallbacks.cpp
         b2BlockAllocator.cpp
         b2Draw.cpp
         b2Math.cpp
         b2Settings.cpp
         b2StackAllocator.cpp
         b2Timer.cpp
         b2CircleShape.cpp
         b2EdgeShape.cpp
         b2ChainShape.cpp
         b2PolygonShape.cpp
         b2BroadPhase.cpp
         b2CollideCircle.cpp
         b2CollideEdge.cpp
         Génération de code en cours...
         Compilation en cours...
         b2CollidePolygon.cpp
         b2Collision.cpp
         b2Distance.cpp
         b2DynamicTree.cpp
         b2TimeOfImpact.cpp
         b2Rope.cpp
         Génération de code en cours...
       Lib:
         C:\Program Files (x86)\Microsoft Visual Studio 11.0\VC\bin\Lib.exe /OUT:"E:\box2dsfml\libraries\Box2D\Build\Box2D\Debug\Box2D.lib" /NOLOGO Box2D.dir\Debug\b2DistanceJoint.obj
         Box2D.dir\Debug\b2FrictionJoint.obj
         Box2D.dir\Debug\b2GearJoint.obj
         Box2D.dir\Debug\b2Joint.obj
         Box2D.dir\Debug\b2MotorJoint.obj
         Box2D.dir\Debug\b2MouseJoint.obj
         Box2D.dir\Debug\b2PrismaticJoint.obj
         Box2D.dir\Debug\b2PulleyJoint.obj
         Box2D.dir\Debug\b2RevoluteJoint.obj
         Box2D.dir\Debug\b2RopeJoint.obj
         Box2D.dir\Debug\b2WeldJoint.obj
         Box2D.dir\Debug\b2WheelJoint.obj
         Box2D.dir\Debug\b2CircleContact.obj
         Box2D.dir\Debug\b2Contact.obj
         Box2D.dir\Debug\b2ContactSolver.obj
         Box2D.dir\Debug\b2PolygonAndCircleContact.obj
         Box2D.dir\Debug\b2EdgeAndCircleContact.obj
         Box2D.dir\Debug\b2EdgeAndPolygonContact.obj
         Box2D.dir\Debug\b2ChainAndCircleContact.obj
         Box2D.dir\Debug\b2ChainAndPolygonContact.obj
         Box2D.dir\Debug\b2PolygonContact.obj
         Box2D.dir\Debug\b2Body.obj
         Box2D.dir\Debug\b2ContactManager.obj
         Box2D.dir\Debug\b2Fixture.obj
         Box2D.dir\Debug\b2Island.obj
         Box2D.dir\Debug\b2World.obj
         Box2D.dir\Debug\b2WorldCallbacks.obj
         Box2D.dir\Debug\b2BlockAllocator.obj
         Box2D.dir\Debug\b2Draw.obj
         Box2D.dir\Debug\b2Math.obj
         Box2D.dir\Debug\b2Settings.obj
         Box2D.dir\Debug\b2StackAllocator.obj
         Box2D.dir\Debug\b2Timer.obj
         Box2D.dir\Debug\b2CircleShape.obj
         Box2D.dir\Debug\b2EdgeShape.obj
         Box2D.dir\Debug\b2ChainShape.obj
         Box2D.dir\Debug\b2PolygonShape.obj
         Box2D.dir\Debug\b2BroadPhase.obj
         Box2D.dir\Debug\b2CollideCircle.obj
         Box2D.dir\Debug\b2CollideEdge.obj
         Box2D.dir\Debug\b2CollidePolygon.obj
         Box2D.dir\Debug\b2Collision.obj
         Box2D.dir\Debug\b2Distance.obj
         Box2D.dir\Debug\b2DynamicTree.obj
         Box2D.dir\Debug\b2TimeOfImpact.obj
         Box2D.dir\Debug\b2Rope.obj
         Box2D.vcxproj -> E:\box2dsfml\libraries\Box2D\Build\Box2D\Debug\Box2D.lib
     1>Génération du projet "E:\box2dsfml\libraries\Box2D\Build\Box2D\Box2D.vcxproj" terminée (Build cible(s)).

La génération a réussi.

Temps écoulé 00:01:08.91
